
stdClass Object
(
    [to] => priyesh@wittyfeed.com
    [from] => shubham@vatsana.co
    [subject] => subject
    [message] => <p>message</p>

)
stdClass Object
(
    [to] => priyesh@vatsana.co
    [from] => shubham@vatsana.co
    [subject] => subject
    [message] => <p>message</p>

)
stdClass Object
(
    [to] => priyesh@wittyfeed.com
    [from] => shubham@vatsana.co
    [subject] => subject
    [message] => <p>message</p>

)
stdClass Object
(
    [to] => priyesh@vatsana.co
    [from] => shubham@vatsana.co
    [subject] => subject
    [message] => <p>message</p>

)
stdClass Object
(
    [to] => priyesh@vatsana.co
    [from] => shubham@vatsana.co
    [subject] => subject
    [message] => <p>message</p>

)
stdClass Object
(
    [to] => priyesh@wittyfeed.com
    [from] => shubham@vatsana.co
    [subject] => subject
    [message] => <p>message</p>

)
stdClass Object
(
    [to] => priyesh@wittyfeed.com
    [from] => shubham@vatsana.co
    [subject] => subject
    [message] => <p>message</p>

)
stdClass Object
(
    [to] => priyesh@vatsana.co
    [from] => shubham@vatsana.co
    [subject] => subject
    [message] => <p>message</p>

)
stdClass Object
(
    [to] => priyesh@vatsana.co
    [from] => shubham@vatsana.co
    [subject] => subject
    [message] => <p>message</p>

)
stdClass Object
(
    [to] => priyesh@wittyfeed.com
    [from] => shubham@vatsana.co
    [subject] => subject
    [message] => <p>message</p>

)
Error receiving message to queue Error executing "ReceiveMessage" on "https://sqs.us-east-1.amazonaws.com/832139353826/redirector"; AWS HTTP error: Error creating resource: [message] fopen(): SSL: Handshake timed out
[file] /usr/share/nginx/html/vendor/guzzlehttp/guzzle/src/Handler/StreamHandler.php
[line] 287
[message] fopen(): Failed to enable crypto
[file] /usr/share/nginx/html/vendor/guzzlehttp/guzzle/src/Handler/StreamHandler.php
[line] 287
[message] fopen(https://sqs.us-east-1.amazonaws.com/832139353826/redirector): failed to open stream: operation failed
[file] /usr/share/nginx/html/vendor/guzzlehttp/guzzle/src/Handler/StreamHandler.php
[line] 287stdClass Object
(
    [to] => priyesh@wittyfeed.com
    [from] => shubham@vatsana.co
    [subject] => Subject
    [message] => <p>Message</p>

)
stdClass Object
(
    [to] => shubham@wittyfeed.com
    [from] => shubham@vatsana.co
    [subject] => Subject
    [message] => <p>Message</p>

)
stdClass Object
(
    [to] => priyesh@vatsana.co
    [from] => shubham@vatsana.co
    [subject] => Subject
    [message] => <p>Message</p>

)
stdClass Object
(
    [to] => shubham@wittyfeed.com
    [from] => shubham@vatsana.co
    [subject] => Subject
    [message] => <p>Message</p>

)
stdClass Object
(
    [to] => priyesh@wittyfeed.com
    [from] => shubham@vatsana.co
    [subject] => Subject
    [message] => <p>Message</p>

)
stdClass Object
(
    [to] => priyesh@vatsana.co
    [from] => shubham@vatsana.co
    [subject] => Subject
    [message] => <p>Message</p>

)
stdClass Object
(
    [to] => priyesh@wittyfeed.com
    [from] => shubham@vatsana.co
    [subject] => Subject
    [message] => <p>Message</p>

)
stdClass Object
(
    [to] => shubham@wittyfeed.com
    [from] => shubham@vatsana.co
    [subject] => Subject
    [message] => <p>Message</p>

)
stdClass Object
(
    [to] => shubham@wittyfeed.com
    [from] => shubham@vatsana.co
    [subject] => Subject
    [message] => <p>Message</p>

)
stdClass Object
(
    [to] => priyesh@wittyfeed.com
    [from] => shubham@vatsana.co
    [subject] => Subject
    [message] => <p>Message</p>

)
stdClass Object
(
    [to] => priyesh@vatsana.co
    [from] => shubham@vatsana.co
    [subject] => Subject
    [message] => <p>Message</p>

)
stdClass Object
(
    [to] => priyesh@vatsana.co
    [from] => shubham@vatsana.co
    [subject] => Subject
    [message] => <p>Message</p>

)
Error receiving message to queue Error executing "ReceiveMessage" on "https://sqs.us-east-1.amazonaws.com/832139353826/redirector"; AWS HTTP error: Error creating resource: [message] fopen(): SSL: Handshake timed out
[file] /usr/share/nginx/html/vendor/guzzlehttp/guzzle/src/Handler/StreamHandler.php
[line] 287
[message] fopen(): Failed to enable crypto
[file] /usr/share/nginx/html/vendor/guzzlehttp/guzzle/src/Handler/StreamHandler.php
[line] 287
[message] fopen(https://sqs.us-east-1.amazonaws.com/832139353826/redirector): failed to open stream: operation failed
[file] /usr/share/nginx/html/vendor/guzzlehttp/guzzle/src/Handler/StreamHandler.php
[line] 287stdClass Object
(
    [to] => priyesh@wittyfeed.com
    [from] => shubham@vatsana.co
    [subject] => Subject
    [message] => <p>Message</p>

)
stdClass Object
(
    [to] => shubham@wittyfeed.com
    [from] => shubham@vatsana.co
    [subject] => Subject
    [message] => <p>Message</p>

)
Error receiving message to queue Error executing "ReceiveMessage" on "https://sqs.us-east-1.amazonaws.com/832139353826/redirector"; AWS HTTP error: Error creating resource: [message] fopen(https://sqs.us-east-1.amazonaws.com/832139353826/redirector): failed to open stream: HTTP request failed! 
[file] /usr/share/nginx/html/vendor/guzzlehttp/guzzle/src/Handler/StreamHandler.php
[line] 287stdClass Object
(
    [to] => defacerwebs@gmail.com
    [from] => priyesh@vatsana.co
    [subject] => 
    [message] => <p>This is a demo .</p>

)
stdClass Object
(
    [to] => thebakhtawar1995@gmail.com
    [from] => priyesh@vatsana.co
    [subject] => 
    [message] => <p>This is a demo .</p>

)
Error receiving message to queue Error executing "DeleteMessage" on "https://sqs.us-east-1.amazonaws.com/832139353826/redirector"; AWS HTTP error: Error creating resource: [message] fopen(): SSL: Handshake timed out
[file] /usr/share/nginx/html/vendor/guzzlehttp/guzzle/src/Handler/StreamHandler.php
[line] 287
[message] fopen(): Failed to enable crypto
[file] /usr/share/nginx/html/vendor/guzzlehttp/guzzle/src/Handler/StreamHandler.php
[line] 287
[message] fopen(https://sqs.us-east-1.amazonaws.com/832139353826/redirector): failed to open stream: operation failed
[file] /usr/share/nginx/html/vendor/guzzlehttp/guzzle/src/Handler/StreamHandler.php
[line] 287No messagesNo messagesstdClass Object
(
    [to] => shubham@wittyfeed.com
    [from] => shubham@vatsana.co
    [subject] => Subject
    [message] => <p>Message1</p>

)
stdClass Object
(
    [to] => priyesh@vatsana.co
    [from] => shubham@vatsana.co
    [subject] => Subject
    [message] => <p>Message1</p>

)
stdClass Object
(
    [to] => priyesh@wittyfeed.com
    [from] => shubham@vatsana.co
    [subject] => Subject
    [message] => <p>Message1</p>

)
stdClass Object
(
    [to] => priyesh@wittyfeed.com
    [from] => shubham@vatsana.co
    [subject] => Subject
    [message] => <p>Message1</p>

)
stdClass Object
(
    [to] => priyesh@wittyfeed.com
    [from] => shubham@vatsana.co
    [subject] => Subject
    [message] => <p>Message1</p>

)
stdClass Object
(
    [to] => priyesh@vatsana.co
    [from] => shubham@vatsana.co
    [subject] => Subject
    [message] => <p>Message1</p>

)
stdClass Object
(
    [to] => shubham@wittyfeed.com
    [from] => shubham@vatsana.co
    [subject] => Subject
    [message] => <p>Message1</p>

)
stdClass Object
(
    [to] => priyesh@vatsana.co
    [from] => shubham@vatsana.co
    [subject] => Subject
    [message] => <p>Message1</p>

)
No messagesstdClass Object
(
    [to] => priyesh@wittyfeed.com
    [from] => shubham@vatsana.co
    [subject] => Subject
    [message] => <p>Message1</p>

)
stdClass Object
(
    [to] => priyesh@vatsana.co
    [from] => shubham@vatsana.co
    [subject] => Subject
    [message] => <p>Message1</p>

)
stdClass Object
(
    [to] => priyesh@wittyfeed.com
    [from] => shubham@vatsana.co
    [subject] => Subject
    [message] => <p>Message1</p>

)
stdClass Object
(
    [to] => priyesh@vatsana.co
    [from] => shubham@vatsana.co
    [subject] => Subject
    [message] => <p>Message1</p>

)
stdClass Object
(
    [to] => priyesh@wittyfeed.com
    [from] => shubham@vatsana.co
    [subject] => Subject
    [message] => <p>Message1</p>

)
stdClass Object
(
    [to] => priyesh@vatsana.co
    [from] => shubham@vatsana.co
    [subject] => Subject
    [message] => <p>Message1</p>

)
stdClass Object
(
    [to] => shubham@wittyfeed.com
    [from] => shubham@vatsana.co
    [subject] => Subject
    [message] => <p>Message1</p>

)
stdClass Object
(
    [to] => shubham@wittyfeed.com
    [from] => shubham@vatsana.co
    [subject] => Subject
    [message] => <p>Message1</p>

)
No messagesstdClass Object
(
    [to] => Zainlateef9@gmail.com
    [from] => priyesh@vatsana.co
    [subject] => 
    [message] => <p>This is a demo .</p>

)
hellostdClass Object
(
    [to] => Asifhere110@gmail.com
    [from] => priyesh@vatsana.co
    [subject] => 
    [message] => <p>This is a demo .</p>

)
hellostdClass Object
(
    [to] => ayeshaakbar25@gmail.com
    [from] => priyesh@vatsana.co
    [subject] => 
    [message] => <p>This is a demo .</p>

)
hellostdClass Object
(
    [to] => thebakhtawar1995@gmail.com
    [from] => priyesh@vatsana.co
    [subject] => 
    [message] => <p>This is a demo .</p>

)
hellostdClass Object
(
    [to] => sr60927@gmail.com
    [from] => priyesh@vatsana.co
    [subject] => 
    [message] => <p>This is a demo .</p>

)
hellostdClass Object
(
    [to] => rishav.bhardwaj02@gmail.com
    [from] => priyesh@vatsana.co
    [subject] => 
    [message] => <p>This is a demo .</p>

)
hellostdClass Object
(
    [to] => mehraankhaan007@gmail.com
    [from] => priyesh@vatsana.co
    [subject] => 
    [message] => <p>This is a demo .</p>

)
hellostdClass Object
(
    [to] => sid.jaindfi@gmail.com
    [from] => priyesh@vatsana.co
    [subject] => 
    [message] => <p>This is a demo .</p>

)
hellostdClass Object
(
    [to] => priya_piaa@yahoo.com
    [from] => priyesh@vatsana.co
    [subject] => 
    [message] => <p>This is a demo .</p>

)
hellostdClass Object
(
    [to] => hiitshamzaa@gmail.com
    [from] => priyesh@vatsana.co
    [subject] => 
    [message] => <p>This is a demo .</p>

)
hellostdClass Object
(
    [to] => anil94205@gmail.com
    [from] => priyesh@vatsana.co
    [subject] => 
    [message] => <p>This is a demo .</p>

)
hellostdClass Object
(
    [to] => charan.kumar4544@gmail.com
    [from] => priyesh@vatsana.co
    [subject] => 
    [message] => <p>This is a demo .</p>

)
hellostdClass Object
(
    [to] => rohitjain0761@gmail.com
    [from] => priyesh@vatsana.co
    [subject] => 
    [message] => <p>This is a demo .</p>

)
hellostdClass Object
(
    [to] => dollarpk225@gmail.com
    [from] => priyesh@vatsana.co
    [subject] => 
    [message] => <p>This is a demo .</p>

)
hellostdClass Object
(
    [to] => rahulsahani000@gmail.com
    [from] => priyesh@vatsana.co
    [subject] => 
    [message] => <p>This is a demo .</p>

)
hellostdClass Object
(
    [to] => riyazpatel06@gmail.com
    [from] => priyesh@vatsana.co
    [subject] => 
    [message] => <p>This is a demo .</p>

)
hellostdClass Object
(
    [to] => freakingajay@gmail.com
    [from] => priyesh@vatsana.co
    [subject] => 
    [message] => <p>This is a demo .</p>

)
hellostdClass Object
(
    [to] => teramujju786@gmail.com
    [from] => priyesh@vatsana.co
    [subject] => 
    [message] => <p>This is a demo .</p>

)
hellostdClass Object
(
    [to] => amitgadda09@gmail.com
    [from] => priyesh@vatsana.co
    [subject] => 
    [message] => <p>This is a demo .</p>

)
hellostdClass Object
(
    [to] => geniussahir91@gmail.com
    [from] => priyesh@vatsana.co
    [subject] => 
    [message] => <p>This is a demo .</p>

)
hellostdClass Object
(
    [to] => moiezzafar16@gmail.com
    [from] => priyesh@vatsana.co
    [subject] => 
    [message] => <p>This is a demo .</p>

)
hellostdClass Object
(
    [to] => aliasadzaidi123@gmail.com
    [from] => priyesh@vatsana.co
    [subject] => 
    [message] => <p>This is a demo .</p>

)
hellostdClass Object
(
    [to] => kunalmeena95@gmail.com
    [from] => priyesh@vatsana.co
    [subject] => 
    [message] => <p>This is a demo .</p>

)
hellostdClass Object
(
    [to] => taylor.russell444@gmail.com
    [from] => priyesh@vatsana.co
    [subject] => 
    [message] => <p>This is a demo .</p>

)
hellostdClass Object
(
    [to] => Gul_f5@yahoo.com
    [from] => priyesh@vatsana.co
    [subject] => 
    [message] => <p>This is a demo .</p>

)
hellostdClass Object
(
    [to] => zainsheikhops@yahoo.com
    [from] => priyesh@vatsana.co
    [subject] => 
    [message] => <p>This is a demo .</p>

)
hellostdClass Object
(
    [to] => Zainlateef9@gmail.com
    [from] => priyesh@vatsana.co
    [subject] => 
    [message] => <p>This is a demo .</p>

)
hellostdClass Object
(
    [to] => sanjaysharma6676@gmail.com
    [from] => priyesh@vatsana.co
    [subject] => 
    [message] => <p>This is a demo .</p>

)
hellostdClass Object
(
    [to] => sr60927@gmail.com
    [from] => priyesh@vatsana.co
    [subject] => 
    [message] => <p>This is a demo .</p>

)
hellostdClass Object
(
    [to] => innocentnooramin@gmail.com
    [from] => priyesh@vatsana.co
    [subject] => 
    [message] => <p>This is a demo .</p>

)
hellostdClass Object
(
    [to] => imtiazkhan0900@gmail.com
    [from] => priyesh@vatsana.co
    [subject] => 
    [message] => <p>This is a demo .</p>

)
hellostdClass Object
(
    [to] => kunalmeena95@gmail.com
    [from] => priyesh@vatsana.co
    [subject] => 
    [message] => <p>This is a demo .</p>

)
hellostdClass Object
(
    [to] => amitgadda09@gmail.com
    [from] => priyesh@vatsana.co
    [subject] => 
    [message] => <p>This is a demo .</p>

)
hellostdClass Object
(
    [to] => charan.kumar4544@gmail.com
    [from] => priyesh@vatsana.co
    [subject] => 
    [message] => <p>This is a demo .</p>

)
hellostdClass Object
(
    [to] => hiitshamzaa@gmail.com
    [from] => priyesh@vatsana.co
    [subject] => 
    [message] => <p>This is a demo .</p>

)
hellostdClass Object
(
    [to] => naumanrs@hotmail.com
    [from] => priyesh@vatsana.co
    [subject] => 
    [message] => <p>This is a demo .</p>

)
hellostdClass Object
(
    [to] => anil94205@gmail.com
    [from] => priyesh@vatsana.co
    [subject] => 
    [message] => <p>This is a demo .</p>

)
hellostdClass Object
(
    [to] => moiezzafar16@gmail.com
    [from] => priyesh@vatsana.co
    [subject] => 
    [message] => <p>This is a demo .</p>

)
hellostdClass Object
(
    [to] => riyazpatel06@gmail.com
    [from] => priyesh@vatsana.co
    [subject] => 
    [message] => <p>This is a demo .</p>

)
hellostdClass Object
(
    [to] => taylor.russell444@gmail.com
    [from] => priyesh@vatsana.co
    [subject] => 
    [message] => <p>This is a demo .</p>

)
hellostdClass Object
(
    [to] => geniussahir91@gmail.com
    [from] => priyesh@vatsana.co
    [subject] => 
    [message] => <p>This is a demo .</p>

)
hellostdClass Object
(
    [to] => innocentnooramin@gmail.com
    [from] => priyesh@vatsana.co
    [subject] => 
    [message] => <p>This is a demo .</p>

)
hellostdClass Object
(
    [to] => sanjaysharma6676@gmail.com
    [from] => priyesh@vatsana.co
    [subject] => 
    [message] => <p>This is a demo .</p>

)
hellostdClass Object
(
    [to] => rohitjain0761@gmail.com
    [from] => priyesh@vatsana.co
    [subject] => 
    [message] => <p>This is a demo .</p>

)
hellostdClass Object
(
    [to] => imtiazkhan0900@gmail.com
    [from] => priyesh@vatsana.co
    [subject] => 
    [message] => <p>This is a demo .</p>

)
hellostdClass Object
(
    [to] => xclusive_wm58@yahoo.com
    [from] => priyesh@vatsana.co
    [subject] => 
    [message] => <p>This is a demo .</p>

)
hellostdClass Object
(
    [to] => thebakhtawar1995@gmail.com
    [from] => priyesh@vatsana.co
    [subject] => 
    [message] => <p>This is a demo .</p>

)
hellostdClass Object
(
    [to] => rahulsahani000@gmail.com
    [from] => priyesh@vatsana.co
    [subject] => 
    [message] => <p>This is a demo .</p>

)
hellostdClass Object
(
    [to] => aliasadzaidi123@gmail.com
    [from] => priyesh@vatsana.co
    [subject] => 
    [message] => <p>This is a demo .</p>

)
hellostdClass Object
(
    [to] => Gul_f5@yahoo.com
    [from] => priyesh@vatsana.co
    [subject] => 
    [message] => <p>This is a demo .</p>

)
hellostdClass Object
(
    [to] => amitgadda09@gmail.com
    [from] => priyesh@vatsana.co
    [subject] => 
    [message] => <p>This is a demo .</p>

)
hellostdClass Object
(
    [to] => hiitshamzaa@gmail.com
    [from] => priyesh@vatsana.co
    [subject] => 
    [message] => <p>This is a demo .</p>

)
hellostdClass Object
(
    [to] => kunalmeena95@gmail.com
    [from] => priyesh@vatsana.co
    [subject] => 
    [message] => <p>This is a demo .</p>

)
hellostdClass Object
(
    [to] => defacerwebs@gmail.com
    [from] => priyesh@vatsana.co
    [subject] => 
    [message] => <p>This is a demo .</p>

)
hellostdClass Object
(
    [to] => anil94205@gmail.com
    [from] => priyesh@vatsana.co
    [subject] => 
    [message] => <p>This is a demo .</p>

)
hellostdClass Object
(
    [to] => abdullegend92@gmail.com
    [from] => priyesh@vatsana.co
    [subject] => 
    [message] => <p>This is a demo .</p>

)
hellostdClass Object
(
    [to] => moiezzafar16@gmail.com
    [from] => priyesh@vatsana.co
    [subject] => 
    [message] => <p>This is a demo .</p>

)
hellostdClass Object
(
    [to] => riyazpatel06@gmail.com
    [from] => priyesh@vatsana.co
    [subject] => 
    [message] => <p>This is a demo .</p>

)
hellostdClass Object
(
    [to] => blacklistedcuteguy92@gmail.com
    [from] => priyesh@vatsana.co
    [subject] => 
    [message] => <p>This is a demo .</p>

)
hellostdClass Object
(
    [to] => priya_piaa@yahoo.com
    [from] => priyesh@vatsana.co
    [subject] => 
    [message] => <p>This is a demo .</p>

)
hellostdClass Object
(
    [to] => taylor.russell444@gmail.com
    [from] => priyesh@vatsana.co
    [subject] => 
    [message] => <p>This is a demo .</p>

)
hellostdClass Object
(
    [to] => moeezawan9@gmail.com
    [from] => priyesh@vatsana.co
    [subject] => 
    [message] => <p>This is a demo .</p>

)
hellostdClass Object
(
    [to] => innocentnooramin@gmail.com
    [from] => priyesh@vatsana.co
    [subject] => 
    [message] => <p>This is a demo .</p>

)
hellostdClass Object
(
    [to] => rohitjain0761@gmail.com
    [from] => priyesh@vatsana.co
    [subject] => 
    [message] => <p>This is a demo .</p>

)
hellostdClass Object
(
    [to] => geniussahir91@gmail.com
    [from] => priyesh@vatsana.co
    [subject] => 
    [message] => <p>This is a demo .</p>

)
hellostdClass Object
(
    [to] => freakysushil@gmail.com
    [from] => priyesh@vatsana.co
    [subject] => 
    [message] => <p>This is a demo .</p>

)
hellostdClass Object
(
    [to] => graycandy1@gmail.com
    [from] => priyesh@vatsana.co
    [subject] => 
    [message] => <p>This is a demo .</p>

)
hellostdClass Object
(
    [to] => naumanrs@hotmail.com
    [from] => priyesh@vatsana.co
    [subject] => 
    [message] => <p>This is a demo .</p>

)
hellostdClass Object
(
    [to] => dollarpk225@gmail.com
    [from] => priyesh@vatsana.co
    [subject] => 
    [message] => <p>This is a demo .</p>

)
hellostdClass Object
(
    [to] => soorihghanghro@gmail.com
    [from] => priyesh@vatsana.co
    [subject] => 
    [message] => <p>This is a demo .</p>

)
hellostdClass Object
(
    [to] => Sweet1234lovely@gmail.com
    [from] => priyesh@vatsana.co
    [subject] => 
    [message] => <p>This is a demo .</p>

)
hellostdClass Object
(
    [to] => ayeshaakbar25@gmail.com
    [from] => priyesh@vatsana.co
    [subject] => 
    [message] => <p>This is a demo .</p>

)
hellostdClass Object
(
    [to] => anil94205@gmail.com
    [from] => priyesh@vatsana.co
    [subject] => 
    [message] => <p>This is a demo .</p>

)
helloNo messages